<?xml version="1.0" encoding="UTF-8"?>
<!-- Generated by org.testng.reporters.JUnitReportReporter -->
<testsuite hostname="DESKTOP-KJV33F6" failures="0" tests="1" name="ui.SeleniumTest" time="3.042" errors="0" timestamp="28 Aug 2022 12:25:45 GMT">
  <testcase classname="ui.SeleniumTest" name="WebAutoTest" time="3.042"/>
</testsuite> <!-- ui.SeleniumTest -->
